<?xml version="1.0" encoding="UTF-8"?>
<!-- Generated by org.testng.reporters.JUnitReportReporter -->
<testsuite hostname="pc" failures="0" tests="1" name="com.whitecircleschool.JenkinsDemo.HelloWorld" time="0.010" errors="0" timestamp="21 Dec 2018 03:50:33 GMT" skipped="0">
  <testcase classname="com.whitecircleschool.JenkinsDemo.HelloWorld" name="titleVerification" time="0.010"/>
</testsuite> <!-- com.whitecircleschool.JenkinsDemo.HelloWorld -->
